  Accessoire.cpp
  AccessoireVide.cpp
  Arme.cpp
  Bouclier.cpp
  BouleGlace.cpp
  Epee.cpp
  Guerrier.cpp
  JeuBaston.cpp
c:\users\florian\documents\c++\projet-cpp-2018-florianlev\project1\project1\jeubaston.cpp(15): warning C4067: jetons inattendus après la directive du préprocesseur - saut de ligne attendu
c:\users\florian\documents\c++\projet-cpp-2018-florianlev\project1\project1\jeubaston.cpp(16): warning C4067: jetons inattendus après la directive du préprocesseur - saut de ligne attendu
c:\users\florian\documents\c++\projet-cpp-2018-florianlev\project1\project1\jeubaston.cpp(17): warning C4067: jetons inattendus après la directive du préprocesseur - saut de ligne attendu
c:\users\florian\documents\c++\projet-cpp-2018-florianlev\project1\project1\jeubaston.cpp(18): warning C4067: jetons inattendus après la directive du préprocesseur - saut de ligne attendu
  Magicien.cpp
  Marteau.cpp
  Personnage.cpp
c:\users\florian\documents\c++\projet-cpp-2018-florianlev\project1\project1\personnage.cpp(42): warning C4244: '+=' : conversion de 'float' en 'int', perte possible de données
c:\users\florian\documents\c++\projet-cpp-2018-florianlev\project1\project1\personnage.cpp(43): warning C4244: '+=' : conversion de 'float' en 'int', perte possible de données
c:\users\florian\documents\c++\projet-cpp-2018-florianlev\project1\project1\personnage.cpp(44): warning C4244: 'argument' : conversion de 'int' en 'float', perte possible de données
  Génération de code en cours...
  Project1.vcxproj -> C:\Users\florian\Documents\c++\projet-cpp-2018-florianlev\Project1\x64\Debug\Project1.exe
